<?xml version="1.0" encoding="UTF-8"?>
<!-- Generated by org.testng.reporters.JUnitXMLReporter -->
<testsuite ignored="2" hostname="DESKTOP-8D2QL46" failures="0" tests="1" name="Default test" time="2.214" errors="0" timestamp="2024-05-07T21:21:23 IST">
  <testcase classname="com.CRMPageTest.HomePageTest" name="VerifyURL" time="0.013"/>
  <testcase classname="com.CRMPageTest.HomePageTest" name="VerifyTitle" time="0.0">
    <ignored/>
  </testcase> <!-- VerifyTitle -->
  <testcase classname="com.CRMPageTest.HomePageTest" name="VerifySignin" time="0.0">
    <ignored/>
  </testcase> <!-- VerifySignin -->
</testsuite> <!-- Default test -->
