<?xml version="1.0" encoding="UTF-8"?>
<!-- Generated by org.testng.reporters.JUnitXMLReporter -->
<testsuite ignored="0" hostname="DESKTOP-8D2QL46" failures="0" tests="3" name="HomePageTest" time="4.101" errors="0" timestamp="2024-05-08T21:45:02 IST">
  <testcase classname="com.CRMPageTest.HomePageTest" name="VerifyURL" time="0.01"/>
  <testcase classname="com.CRMPageTest.HomePageTest" name="VerifyTitle" time="0.004"/>
  <testcase classname="com.CRMPageTest.HomePageTest" name="VerifySignin" time="0.777"/>
</testsuite> <!-- HomePageTest -->
