<?xml version="1.0" encoding="UTF-8"?>
<testng-results ignored="0" total="4" passed="4" failed="0" skipped="0">
  <reporter-output>
  </reporter-output>
  <suite started-at="2024-05-10T08:17:07 IST" name="Suite" finished-at="2024-05-10T08:17:13 IST" duration-ms="6111">
    <groups>
    </groups>
    <test started-at="2024-05-10T08:17:07 IST" name="HomePageTest" finished-at="2024-05-10T08:17:10 IST" duration-ms="2991">
      <class name="com.CRMPageTest.HomePageTest">
        <test-method is-config="true" signature="setup()[pri:0, instance:com.CRMPageTest.HomePageTest@3427b02d]" started-at="2024-05-10T08:17:07 IST" name="setup" finished-at="2024-05-10T08:17:09 IST" duration-ms="2131" status="PASS">
          <reporter-output>
          </reporter-output>
        </test-method> <!-- setup -->
        <test-method signature="VerifyURL()[pri:1, instance:com.CRMPageTest.HomePageTest@3427b02d]" started-at="2024-05-10T08:17:09 IST" name="VerifyURL" finished-at="2024-05-10T08:17:09 IST" duration-ms="10" status="PASS">
          <reporter-output>
          </reporter-output>
        </test-method> <!-- VerifyURL -->
        <test-method signature="VerifyTitle()[pri:2, instance:com.CRMPageTest.HomePageTest@3427b02d]" started-at="2024-05-10T08:17:09 IST" name="VerifyTitle" finished-at="2024-05-10T08:17:09 IST" duration-ms="3" status="PASS">
          <reporter-output>
          </reporter-output>
        </test-method> <!-- VerifyTitle -->
        <test-method signature="VerifySignin()[pri:3, instance:com.CRMPageTest.HomePageTest@3427b02d]" started-at="2024-05-10T08:17:09 IST" name="VerifySignin" finished-at="2024-05-10T08:17:10 IST" duration-ms="827" status="PASS">
          <reporter-output>
          </reporter-output>
        </test-method> <!-- VerifySignin -->
      </class> <!-- com.CRMPageTest.HomePageTest -->
    </test> <!-- HomePageTest -->
    <test started-at="2024-05-10T08:17:10 IST" name="LoginPageTest" finished-at="2024-05-10T08:17:13 IST" duration-ms="3105">
      <class name="com.CRMPageTest.LoginPageTest">
        <test-method is-config="true" signature="setup()[pri:0, instance:com.CRMPageTest.LoginPageTest@6e20b53a]" started-at="2024-05-10T08:17:10 IST" name="setup" finished-at="2024-05-10T08:17:12 IST" duration-ms="1830" status="PASS">
          <reporter-output>
          </reporter-output>
        </test-method> <!-- setup -->
        <test-method signature="VerifyLogin()[pri:0, instance:com.CRMPageTest.LoginPageTest@6e20b53a]" started-at="2024-05-10T08:17:12 IST" name="VerifyLogin" finished-at="2024-05-10T08:17:13 IST" duration-ms="1274" status="PASS">
          <reporter-output>
          </reporter-output>
        </test-method> <!-- VerifyLogin -->
      </class> <!-- com.CRMPageTest.LoginPageTest -->
    </test> <!-- LoginPageTest -->
  </suite> <!-- Suite -->
</testng-results>
