<?xml version="1.0" encoding="UTF-8"?>
<testsuite xmlns:xsi="http://www.w3.org/2001/XMLSchema-instance" xsi:noNamespaceSchemaLocation="https://maven.apache.org/surefire/maven-surefire-plugin/xsd/surefire-test-report-3.0.xsd" version="3.0" name="TestSuite" time="6.372" tests="4" errors="0" skipped="0" failures="0">
  <properties>
[...]
</properties>
  <testcase name="VerifyURL" classname="com.CRMPageTest.HomePageTest" time="0.011">
    <system-out><![CDATA[https://automationplayground.com/crm/
Currect URL
]]></system-out>
    <system-err><![CDATA[SLF4J: Failed to load class "org.slf4j.impl.StaticLoggerBinder".
SLF4J: Defaulting to no-operation (NOP) logger implementation
SLF4J: See http://www.slf4j.org/codes.html#StaticLoggerBinder for further details.
May 10, 2024 8:17:08 AM org.openqa.selenium.devtools.CdpVersionFinder findNearestMatch
WARNING: Unable to find an exact match for CDP version 124, returning the closest version; found: 122; Please update to a Selenium version that supports CDP version 124
]]></system-err>
  </testcase>
  <testcase name="VerifyTitle" classname="com.CRMPageTest.HomePageTest" time="0.003">
    <system-out><![CDATA[Currect Title
]]></system-out>
  </testcase>
  <testcase name="VerifySignin" classname="com.CRMPageTest.HomePageTest" time="0.828">
    <system-out><![CDATA[CorrectURL
]]></system-out>
  </testcase>
  <testcase name="VerifyLogin" classname="com.CRMPageTest.LoginPageTest" time="1.275">
    <system-err><![CDATA[May 10, 2024 8:17:11 AM org.openqa.selenium.devtools.CdpVersionFinder findNearestMatch
WARNING: Unable to find an exact match for CDP version 124, returning the closest version; found: 122; Please update to a Selenium version that supports CDP version 124
]]></system-err>
  </testcase>
</testsuite>