<?xml version="1.0" encoding="UTF-8"?>
<testng-results ignored="0" total="4" passed="4" failed="0" skipped="0">
  <reporter-output>
  </reporter-output>
  <suite started-at="2024-05-08T21:44:58 IST" name="Suite" finished-at="2024-05-08T21:45:05 IST" duration-ms="7015">
    <groups>
    </groups>
    <test started-at="2024-05-08T21:44:58 IST" name="HomePageTest" finished-at="2024-05-08T21:45:02 IST" duration-ms="4101">
      <class name="com.CRMPageTest.HomePageTest">
        <test-method is-config="true" signature="setup()[pri:0, instance:com.CRMPageTest.HomePageTest@3427b02d]" started-at="2024-05-08T21:44:58 IST" name="setup" finished-at="2024-05-08T21:45:01 IST" duration-ms="3286" status="PASS">
          <reporter-output>
          </reporter-output>
        </test-method> <!-- setup -->
        <test-method signature="VerifyURL()[pri:1, instance:com.CRMPageTest.HomePageTest@3427b02d]" started-at="2024-05-08T21:45:01 IST" name="VerifyURL" finished-at="2024-05-08T21:45:01 IST" duration-ms="10" status="PASS">
          <reporter-output>
          </reporter-output>
        </test-method> <!-- VerifyURL -->
        <test-method signature="VerifyTitle()[pri:2, instance:com.CRMPageTest.HomePageTest@3427b02d]" started-at="2024-05-08T21:45:01 IST" name="VerifyTitle" finished-at="2024-05-08T21:45:01 IST" duration-ms="4" status="PASS">
          <reporter-output>
          </reporter-output>
        </test-method> <!-- VerifyTitle -->
        <test-method signature="VerifySignin()[pri:3, instance:com.CRMPageTest.HomePageTest@3427b02d]" started-at="2024-05-08T21:45:01 IST" name="VerifySignin" finished-at="2024-05-08T21:45:02 IST" duration-ms="777" status="PASS">
          <reporter-output>
          </reporter-output>
        </test-method> <!-- VerifySignin -->
      </class> <!-- com.CRMPageTest.HomePageTest -->
    </test> <!-- HomePageTest -->
    <test started-at="2024-05-08T21:45:02 IST" name="LoginPageTest" finished-at="2024-05-08T21:45:05 IST" duration-ms="2899">
      <class name="com.CRMPageTest.LoginPageTest">
        <test-method is-config="true" signature="setup()[pri:0, instance:com.CRMPageTest.LoginPageTest@6e20b53a]" started-at="2024-05-08T21:45:02 IST" name="setup" finished-at="2024-05-08T21:45:03 IST" duration-ms="1702" status="PASS">
          <reporter-output>
          </reporter-output>
        </test-method> <!-- setup -->
        <test-method signature="VerifyLogin()[pri:0, instance:com.CRMPageTest.LoginPageTest@6e20b53a]" started-at="2024-05-08T21:45:03 IST" name="VerifyLogin" finished-at="2024-05-08T21:45:05 IST" duration-ms="1194" status="PASS">
          <reporter-output>
          </reporter-output>
        </test-method> <!-- VerifyLogin -->
      </class> <!-- com.CRMPageTest.LoginPageTest -->
    </test> <!-- LoginPageTest -->
  </suite> <!-- Suite -->
</testng-results>
