<?xml version="1.0" encoding="UTF-8"?>
<testng-results ignored="2" total="3" passed="1" failed="0" skipped="0">
  <reporter-output>
  </reporter-output>
  <suite started-at="2024-05-07T21:21:21 IST" name="Default suite" finished-at="2024-05-07T21:21:23 IST" duration-ms="2214">
    <groups>
    </groups>
    <test started-at="2024-05-07T21:21:21 IST" name="Default test" finished-at="2024-05-07T21:21:23 IST" duration-ms="2214">
      <class name="com.CRMPageTest.HomePageTest">
        <test-method is-config="true" signature="setup()[pri:0, instance:com.CRMPageTest.HomePageTest@5a56cdac]" started-at="2024-05-07T21:21:21 IST" name="setup" finished-at="2024-05-07T21:21:23 IST" duration-ms="2182" status="PASS">
          <reporter-output>
          </reporter-output>
        </test-method> <!-- setup -->
        <test-method signature="VerifyURL()[pri:1, instance:com.CRMPageTest.HomePageTest@5a56cdac]" started-at="2024-05-07T21:21:23 IST" name="VerifyURL" finished-at="2024-05-07T21:21:23 IST" duration-ms="13" status="PASS">
          <reporter-output>
          </reporter-output>
        </test-method> <!-- VerifyURL -->
      </class> <!-- com.CRMPageTest.HomePageTest -->
    </test> <!-- Default test -->
  </suite> <!-- Default suite -->
</testng-results>
